<?xml version="1.0" encoding="UTF-8"?>
<testng-results ignored="0" total="2" passed="2" failed="0" skipped="0">
  <reporter-output>
  </reporter-output>
  <suite started-at="2021-06-27T01:32:34 CEST" name="e-Bankingv1" finished-at="2021-06-27T01:33:06 CEST" duration-ms="31966">
    <groups>
    </groups>
    <test started-at="2021-06-27T01:32:34 CEST" name="BankingApp Test" finished-at="2021-06-27T01:33:06 CEST" duration-ms="31966">
      <class name="com.banking.testCases.TC_AddCustomerTest_003">
        <test-method is-config="true" signature="setup(java.lang.String)[pri:0, instance:com.banking.testCases.TC_AddCustomerTest_003@4f9a3314]" started-at="2021-06-27T01:32:45 CEST" name="setup" finished-at="2021-06-27T01:32:50 CEST" duration-ms="5026" status="PASS">
          <params>
            <param index="0">
              <value>
                <![CDATA[chrome]]>
              </value>
            </param>
          </params>
          <reporter-output>
          </reporter-output>
        </test-method> <!-- setup -->
        <test-method signature="addNewCustomer()[pri:0, instance:com.banking.testCases.TC_AddCustomerTest_003@4f9a3314]" started-at="2021-06-27T01:32:50 CEST" name="addNewCustomer" finished-at="2021-06-27T01:33:06 CEST" duration-ms="15812" status="PASS">
          <reporter-output>
          </reporter-output>
        </test-method> <!-- addNewCustomer -->
        <test-method is-config="true" signature="tearDown()[pri:0, instance:com.banking.testCases.TC_AddCustomerTest_003@4f9a3314]" started-at="2021-06-27T01:33:06 CEST" name="tearDown" finished-at="2021-06-27T01:33:06 CEST" duration-ms="114" status="PASS">
          <reporter-output>
          </reporter-output>
        </test-method> <!-- tearDown -->
      </class> <!-- com.banking.testCases.TC_AddCustomerTest_003 -->
      <class name="com.banking.testCases.TC_LoginTest_001">
        <test-method is-config="true" signature="setup(java.lang.String)[pri:0, instance:com.banking.testCases.TC_LoginTest_001@35fc6dc4]" started-at="2021-06-27T01:32:34 CEST" name="setup" finished-at="2021-06-27T01:32:43 CEST" duration-ms="9076" status="PASS">
          <params>
            <param index="0">
              <value>
                <![CDATA[chrome]]>
              </value>
            </param>
          </params>
          <reporter-output>
          </reporter-output>
        </test-method> <!-- setup -->
        <test-method signature="loginTest()[pri:0, instance:com.banking.testCases.TC_LoginTest_001@35fc6dc4]" started-at="2021-06-27T01:32:43 CEST" name="loginTest" finished-at="2021-06-27T01:32:45 CEST" duration-ms="1549" status="PASS">
          <reporter-output>
          </reporter-output>
        </test-method> <!-- loginTest -->
        <test-method is-config="true" signature="tearDown()[pri:0, instance:com.banking.testCases.TC_LoginTest_001@35fc6dc4]" started-at="2021-06-27T01:32:45 CEST" name="tearDown" finished-at="2021-06-27T01:32:45 CEST" duration-ms="190" status="PASS">
          <reporter-output>
          </reporter-output>
        </test-method> <!-- tearDown -->
      </class> <!-- com.banking.testCases.TC_LoginTest_001 -->
    </test> <!-- BankingApp Test -->
  </suite> <!-- e-Bankingv1 -->
</testng-results>
